[02-Nov-2023 20:19:06 America/New_York] [CPANELICSIMPORT: Touch file created for noreply@iskramet.com]
[02-Nov-2023 20:19:06 America/New_York] PHP Warning:  filesize(): stat failed for /home/iskrame2/.cpanel/icals/noreply@iskramet.com.ics in /usr/local/cpanel/base/3rdparty/roundcube/plugins/cpanelicsimport/cpanelicsimport.php on line 102
[02-Nov-2023 20:19:06 America/New_York] [CPANELVCFIMPORT: Touch file created for noreply@iskramet.com]
[02-Nov-2023 20:19:06 America/New_York] PHP Warning:  filesize(): stat failed for /home/iskrame2/.cpanel/vcards/noreply@iskramet.com.vcf in /usr/local/cpanel/base/3rdparty/roundcube/plugins/cpanelvcfimport/cpanelvcfimport.php on line 81
[02-Nov-2023 20:19:07 America/New_York] PHP Warning:  Undefined array key "message" in /usr/local/cpanel/base/3rdparty/roundcube/program/include/rcmail_action.php on line 239
[02-Nov-2023 20:19:07 America/New_York] PHP Warning:  Undefined array key "message" in /usr/local/cpanel/base/3rdparty/roundcube/program/include/rcmail_action.php on line 239
[02-Nov-2023 20:19:08 America/New_York] PHP Warning:  Undefined array key "message" in /usr/local/cpanel/base/3rdparty/roundcube/program/include/rcmail_action.php on line 239
[02-Nov-2023 20:19:08 America/New_York] PHP Warning:  Undefined array key "message" in /usr/local/cpanel/base/3rdparty/roundcube/program/include/rcmail_action.php on line 239
[02-Nov-2023 20:21:53 America/New_York] PHP Warning:  Undefined array key "message" in /usr/local/cpanel/base/3rdparty/roundcube/program/include/rcmail_action.php on line 239
[02-Nov-2023 20:21:53 America/New_York] PHP Warning:  Undefined array key "message" in /usr/local/cpanel/base/3rdparty/roundcube/program/include/rcmail_action.php on line 239
[02-Nov-2023 20:21:55 America/New_York] PHP Warning:  Undefined array key "message" in /usr/local/cpanel/base/3rdparty/roundcube/program/include/rcmail_action.php on line 239
[02-Nov-2023 20:21:55 America/New_York] PHP Warning:  Undefined array key "message" in /usr/local/cpanel/base/3rdparty/roundcube/program/include/rcmail_action.php on line 239
[02-Nov-2023 20:21:56 America/New_York] PHP Warning:  Undefined array key "message" in /usr/local/cpanel/base/3rdparty/roundcube/program/include/rcmail_action.php on line 239
[02-Nov-2023 20:21:56 America/New_York] PHP Warning:  Undefined array key "message" in /usr/local/cpanel/base/3rdparty/roundcube/program/include/rcmail_action.php on line 239
[02-Nov-2023 20:21:58 America/New_York] PHP Warning:  Undefined array key "message" in /usr/local/cpanel/base/3rdparty/roundcube/program/include/rcmail_action.php on line 239
[02-Nov-2023 20:21:58 America/New_York] PHP Warning:  Undefined array key "message" in /usr/local/cpanel/base/3rdparty/roundcube/program/include/rcmail_action.php on line 239
[02-Nov-2023 20:21:59 America/New_York] PHP Warning:  Undefined array key "message" in /usr/local/cpanel/base/3rdparty/roundcube/program/include/rcmail_action.php on line 239
[02-Nov-2023 20:21:59 America/New_York] PHP Warning:  Undefined array key "message" in /usr/local/cpanel/base/3rdparty/roundcube/program/include/rcmail_action.php on line 239
[02-Nov-2023 20:22:01 America/New_York] PHP Warning:  Undefined array key "message" in /usr/local/cpanel/base/3rdparty/roundcube/program/include/rcmail_action.php on line 239
[02-Nov-2023 20:22:01 America/New_York] PHP Warning:  Undefined array key "message" in /usr/local/cpanel/base/3rdparty/roundcube/program/include/rcmail_action.php on line 239
[02-Nov-2023 20:23:08 America/New_York] [CPANELICSIMPORT: Touch file /home/iskrame2/.cpanel/icals/.cpanel_ics_import_noreply@iskramet.com exists for noreply@iskramet.com and cpanel_run_once is true, exiting]
[02-Nov-2023 20:23:08 America/New_York] [CPANELVCFIMPORT: Touch file /home/iskrame2/.cpanel/vcards/.cpanel_vcf_import_noreply@iskramet.com exists for noreply@iskramet.com and cpanel_run_once is true, exiting]
[02-Nov-2023 20:23:08 America/New_York] PHP Warning:  Undefined array key "message" in /usr/local/cpanel/base/3rdparty/roundcube/program/include/rcmail_action.php on line 239
[02-Nov-2023 20:23:08 America/New_York] PHP Warning:  Undefined array key "message" in /usr/local/cpanel/base/3rdparty/roundcube/program/include/rcmail_action.php on line 239
[02-Nov-2023 20:23:09 America/New_York] PHP Warning:  Undefined array key "message" in /usr/local/cpanel/base/3rdparty/roundcube/program/include/rcmail_action.php on line 239
[02-Nov-2023 20:23:09 America/New_York] PHP Warning:  Undefined array key "message" in /usr/local/cpanel/base/3rdparty/roundcube/program/include/rcmail_action.php on line 239
[02-Nov-2023 20:26:04 America/New_York] PHP Warning:  Undefined array key "message" in /usr/local/cpanel/base/3rdparty/roundcube/program/include/rcmail_action.php on line 239
[02-Nov-2023 20:26:04 America/New_York] PHP Warning:  Undefined array key "message" in /usr/local/cpanel/base/3rdparty/roundcube/program/include/rcmail_action.php on line 239
[02-Nov-2023 20:26:08 America/New_York] PHP Warning:  Undefined array key "message" in /usr/local/cpanel/base/3rdparty/roundcube/program/include/rcmail_action.php on line 239
[02-Nov-2023 20:26:08 America/New_York] PHP Warning:  Undefined array key "message" in /usr/local/cpanel/base/3rdparty/roundcube/program/include/rcmail_action.php on line 239
[02-Nov-2023 20:26:35 America/New_York] PHP Warning:  Undefined array key "message" in /usr/local/cpanel/base/3rdparty/roundcube/program/include/rcmail_action.php on line 239
[02-Nov-2023 20:26:35 America/New_York] PHP Warning:  Undefined array key "message" in /usr/local/cpanel/base/3rdparty/roundcube/program/include/rcmail_action.php on line 239
[02-Nov-2023 20:26:43 America/New_York] PHP Warning:  Undefined array key "message" in /usr/local/cpanel/base/3rdparty/roundcube/program/include/rcmail_action.php on line 239
[02-Nov-2023 20:26:43 America/New_York] PHP Warning:  Undefined array key "message" in /usr/local/cpanel/base/3rdparty/roundcube/program/include/rcmail_action.php on line 239
[02-Nov-2023 20:26:45 America/New_York] PHP Warning:  Undefined array key "message" in /usr/local/cpanel/base/3rdparty/roundcube/program/include/rcmail_action.php on line 239
[02-Nov-2023 20:26:45 America/New_York] PHP Warning:  Undefined array key "message" in /usr/local/cpanel/base/3rdparty/roundcube/program/include/rcmail_action.php on line 239
[02-Nov-2023 20:26:59 America/New_York] PHP Deprecated:  preg_match(): Passing null to parameter #2 ($subject) of type string is deprecated in /usr/local/cpanel/base/3rdparty/roundcube/program/lib/Roundcube/bootstrap.php on line 155
[02-Nov-2023 20:26:59 America/New_York] PHP Deprecated:  preg_match(): Passing null to parameter #2 ($subject) of type string is deprecated in /usr/local/cpanel/base/3rdparty/roundcube/program/lib/Roundcube/bootstrap.php on line 155
[02-Nov-2023 20:27:29 America/New_York] PHP Warning:  Undefined array key "message" in /usr/local/cpanel/base/3rdparty/roundcube/program/include/rcmail_action.php on line 239
[02-Nov-2023 20:27:29 America/New_York] PHP Warning:  Undefined array key "message" in /usr/local/cpanel/base/3rdparty/roundcube/program/include/rcmail_action.php on line 239
[02-Nov-2023 20:27:29 America/New_York] PHP Warning:  Undefined array key "message" in /usr/local/cpanel/base/3rdparty/roundcube/program/include/rcmail_action.php on line 239
[02-Nov-2023 20:27:29 America/New_York] PHP Warning:  Undefined array key "message" in /usr/local/cpanel/base/3rdparty/roundcube/program/include/rcmail_action.php on line 239
[02-Nov-2023 20:27:32 America/New_York] PHP Warning:  Undefined array key "message" in /usr/local/cpanel/base/3rdparty/roundcube/program/include/rcmail_action.php on line 239
[02-Nov-2023 20:27:32 America/New_York] PHP Warning:  Undefined array key "message" in /usr/local/cpanel/base/3rdparty/roundcube/program/include/rcmail_action.php on line 239
[02-Nov-2023 20:27:33 America/New_York] PHP Warning:  Undefined array key "message" in /usr/local/cpanel/base/3rdparty/roundcube/program/include/rcmail_action.php on line 239
[02-Nov-2023 20:27:33 America/New_York] PHP Warning:  Undefined array key "message" in /usr/local/cpanel/base/3rdparty/roundcube/program/include/rcmail_action.php on line 239
[02-Nov-2023 20:29:48 America/New_York] PHP Warning:  Undefined array key "message" in /usr/local/cpanel/base/3rdparty/roundcube/program/include/rcmail_action.php on line 239
[02-Nov-2023 20:29:48 America/New_York] PHP Warning:  Undefined array key "message" in /usr/local/cpanel/base/3rdparty/roundcube/program/include/rcmail_action.php on line 239
[02-Nov-2023 20:30:01 America/New_York] PHP Deprecated:  preg_match(): Passing null to parameter #2 ($subject) of type string is deprecated in /usr/local/cpanel/base/3rdparty/roundcube/program/lib/Roundcube/bootstrap.php on line 155
[02-Nov-2023 20:30:01 America/New_York] PHP Deprecated:  preg_match(): Passing null to parameter #2 ($subject) of type string is deprecated in /usr/local/cpanel/base/3rdparty/roundcube/program/lib/Roundcube/bootstrap.php on line 155
[02-Nov-2023 20:30:31 America/New_York] PHP Warning:  Undefined array key "message" in /usr/local/cpanel/base/3rdparty/roundcube/program/include/rcmail_action.php on line 239
[02-Nov-2023 20:30:31 America/New_York] PHP Warning:  Undefined array key "message" in /usr/local/cpanel/base/3rdparty/roundcube/program/include/rcmail_action.php on line 239
[02-Nov-2023 20:30:31 America/New_York] PHP Warning:  Undefined array key "message" in /usr/local/cpanel/base/3rdparty/roundcube/program/include/rcmail_action.php on line 239
[02-Nov-2023 20:30:31 America/New_York] PHP Warning:  Undefined array key "message" in /usr/local/cpanel/base/3rdparty/roundcube/program/include/rcmail_action.php on line 239
[02-Nov-2023 22:03:54 America/New_York] [CPANELICSIMPORT: Touch file /home/iskrame2/.cpanel/icals/.cpanel_ics_import_noreply@iskramet.com exists for noreply@iskramet.com and cpanel_run_once is true, exiting]
[02-Nov-2023 22:03:54 America/New_York] [CPANELVCFIMPORT: Touch file /home/iskrame2/.cpanel/vcards/.cpanel_vcf_import_noreply@iskramet.com exists for noreply@iskramet.com and cpanel_run_once is true, exiting]
[02-Nov-2023 22:03:54 America/New_York] PHP Warning:  Undefined array key "message" in /usr/local/cpanel/base/3rdparty/roundcube/program/include/rcmail_action.php on line 239
[02-Nov-2023 22:03:54 America/New_York] PHP Warning:  Undefined array key "message" in /usr/local/cpanel/base/3rdparty/roundcube/program/include/rcmail_action.php on line 239
[02-Nov-2023 22:03:55 America/New_York] PHP Warning:  Undefined array key "message" in /usr/local/cpanel/base/3rdparty/roundcube/program/include/rcmail_action.php on line 239
[02-Nov-2023 22:03:55 America/New_York] PHP Warning:  Undefined array key "message" in /usr/local/cpanel/base/3rdparty/roundcube/program/include/rcmail_action.php on line 239
[03-Nov-2023 21:06:52 America/New_York] [CPANELICSIMPORT: Touch file /home/iskrame2/.cpanel/icals/.cpanel_ics_import_noreply@iskramet.com exists for noreply@iskramet.com and cpanel_run_once is true, exiting]
[03-Nov-2023 21:06:52 America/New_York] [CPANELVCFIMPORT: Touch file /home/iskrame2/.cpanel/vcards/.cpanel_vcf_import_noreply@iskramet.com exists for noreply@iskramet.com and cpanel_run_once is true, exiting]
[03-Nov-2023 21:06:52 America/New_York] PHP Warning:  Undefined array key "message" in /usr/local/cpanel/base/3rdparty/roundcube/program/include/rcmail_action.php on line 239
[03-Nov-2023 21:06:52 America/New_York] PHP Warning:  Undefined array key "message" in /usr/local/cpanel/base/3rdparty/roundcube/program/include/rcmail_action.php on line 239
[03-Nov-2023 21:06:52 America/New_York] PHP Warning:  Undefined array key "message" in /usr/local/cpanel/base/3rdparty/roundcube/program/include/rcmail_action.php on line 239
[03-Nov-2023 21:06:52 America/New_York] PHP Warning:  Undefined array key "message" in /usr/local/cpanel/base/3rdparty/roundcube/program/include/rcmail_action.php on line 239
[03-Nov-2023 21:07:54 America/New_York] [CPANELICSIMPORT: Touch file /home/iskrame2/.cpanel/icals/.cpanel_ics_import_noreply@iskramet.com exists for noreply@iskramet.com and cpanel_run_once is true, exiting]
[03-Nov-2023 21:07:54 America/New_York] [CPANELVCFIMPORT: Touch file /home/iskrame2/.cpanel/vcards/.cpanel_vcf_import_noreply@iskramet.com exists for noreply@iskramet.com and cpanel_run_once is true, exiting]
[03-Nov-2023 21:07:54 America/New_York] PHP Warning:  Undefined array key "message" in /usr/local/cpanel/base/3rdparty/roundcube/program/include/rcmail_action.php on line 239
[03-Nov-2023 21:07:54 America/New_York] PHP Warning:  Undefined array key "message" in /usr/local/cpanel/base/3rdparty/roundcube/program/include/rcmail_action.php on line 239
[03-Nov-2023 21:07:54 America/New_York] PHP Warning:  Undefined array key "message" in /usr/local/cpanel/base/3rdparty/roundcube/program/include/rcmail_action.php on line 239
[03-Nov-2023 21:07:54 America/New_York] PHP Warning:  Undefined array key "message" in /usr/local/cpanel/base/3rdparty/roundcube/program/include/rcmail_action.php on line 239
[03-Nov-2023 21:31:02 America/New_York] PHP Warning:  Undefined array key "message" in /usr/local/cpanel/base/3rdparty/roundcube/program/include/rcmail_action.php on line 239
[03-Nov-2023 21:31:02 America/New_York] PHP Warning:  Undefined array key "message" in /usr/local/cpanel/base/3rdparty/roundcube/program/include/rcmail_action.php on line 239
[03-Nov-2023 21:31:02 America/New_York] PHP Warning:  Undefined array key "message" in /usr/local/cpanel/base/3rdparty/roundcube/program/include/rcmail_action.php on line 239
[03-Nov-2023 21:31:02 America/New_York] PHP Warning:  Undefined array key "message" in /usr/local/cpanel/base/3rdparty/roundcube/program/include/rcmail_action.php on line 239
[03-Nov-2023 21:58:25 America/New_York] [CPANELICSIMPORT: Touch file /home/iskrame2/.cpanel/icals/.cpanel_ics_import_noreply@iskramet.com exists for noreply@iskramet.com and cpanel_run_once is true, exiting]
[03-Nov-2023 21:58:25 America/New_York] [CPANELVCFIMPORT: Touch file /home/iskrame2/.cpanel/vcards/.cpanel_vcf_import_noreply@iskramet.com exists for noreply@iskramet.com and cpanel_run_once is true, exiting]
[03-Nov-2023 21:58:26 America/New_York] PHP Warning:  Undefined array key "message" in /usr/local/cpanel/base/3rdparty/roundcube/program/include/rcmail_action.php on line 239
[03-Nov-2023 21:58:26 America/New_York] PHP Warning:  Undefined array key "message" in /usr/local/cpanel/base/3rdparty/roundcube/program/include/rcmail_action.php on line 239
[03-Nov-2023 21:58:26 America/New_York] PHP Warning:  Undefined array key "message" in /usr/local/cpanel/base/3rdparty/roundcube/program/include/rcmail_action.php on line 239
[03-Nov-2023 21:58:26 America/New_York] PHP Warning:  Undefined array key "message" in /usr/local/cpanel/base/3rdparty/roundcube/program/include/rcmail_action.php on line 239
[03-Nov-2023 23:18:03 America/New_York] [CPANELICSIMPORT: Touch file /home/iskrame2/.cpanel/icals/.cpanel_ics_import_noreply@iskramet.com exists for noreply@iskramet.com and cpanel_run_once is true, exiting]
[03-Nov-2023 23:18:03 America/New_York] [CPANELVCFIMPORT: Touch file /home/iskrame2/.cpanel/vcards/.cpanel_vcf_import_noreply@iskramet.com exists for noreply@iskramet.com and cpanel_run_once is true, exiting]
[03-Nov-2023 23:18:03 America/New_York] PHP Warning:  Undefined array key "message" in /usr/local/cpanel/base/3rdparty/roundcube/program/include/rcmail_action.php on line 239
[03-Nov-2023 23:18:03 America/New_York] PHP Warning:  Undefined array key "message" in /usr/local/cpanel/base/3rdparty/roundcube/program/include/rcmail_action.php on line 239
[03-Nov-2023 23:18:04 America/New_York] PHP Warning:  Undefined array key "message" in /usr/local/cpanel/base/3rdparty/roundcube/program/include/rcmail_action.php on line 239
[03-Nov-2023 23:18:04 America/New_York] PHP Warning:  Undefined array key "message" in /usr/local/cpanel/base/3rdparty/roundcube/program/include/rcmail_action.php on line 239
[05-Dec-2023 13:13:18 America/New_York] [CPANELICSIMPORT: Touch file /home/iskrame2/.cpanel/icals/.cpanel_ics_import_noreply@iskramet.com exists for noreply@iskramet.com and cpanel_run_once is true, exiting]
[05-Dec-2023 13:13:18 America/New_York] [CPANELVCFIMPORT: Touch file /home/iskrame2/.cpanel/vcards/.cpanel_vcf_import_noreply@iskramet.com exists for noreply@iskramet.com and cpanel_run_once is true, exiting]
[05-Dec-2023 13:13:18 America/New_York] PHP Warning:  Undefined array key "message" in /usr/local/cpanel/base/3rdparty/roundcube/program/include/rcmail_action.php on line 239
[05-Dec-2023 13:13:18 America/New_York] PHP Warning:  Undefined array key "message" in /usr/local/cpanel/base/3rdparty/roundcube/program/include/rcmail_action.php on line 239
[05-Dec-2023 13:13:19 America/New_York] PHP Warning:  Undefined array key "message" in /usr/local/cpanel/base/3rdparty/roundcube/program/include/rcmail_action.php on line 239
[05-Dec-2023 13:13:19 America/New_York] PHP Warning:  Undefined array key "message" in /usr/local/cpanel/base/3rdparty/roundcube/program/include/rcmail_action.php on line 239
[05-Dec-2023 13:14:08 America/New_York] PHP Warning:  Undefined array key "message" in /usr/local/cpanel/base/3rdparty/roundcube/program/include/rcmail_action.php on line 239
[05-Dec-2023 13:14:08 America/New_York] PHP Warning:  Undefined array key "message" in /usr/local/cpanel/base/3rdparty/roundcube/program/include/rcmail_action.php on line 239
[05-Dec-2023 13:14:10 America/New_York] PHP Warning:  Undefined array key "message" in /usr/local/cpanel/base/3rdparty/roundcube/program/include/rcmail_action.php on line 239
[05-Dec-2023 13:14:10 America/New_York] PHP Warning:  Undefined array key "message" in /usr/local/cpanel/base/3rdparty/roundcube/program/include/rcmail_action.php on line 239
[05-Dec-2023 13:14:15 America/New_York] PHP Warning:  Undefined array key "message" in /usr/local/cpanel/base/3rdparty/roundcube/program/include/rcmail_action.php on line 239
[05-Dec-2023 13:14:15 America/New_York] PHP Warning:  Undefined array key "message" in /usr/local/cpanel/base/3rdparty/roundcube/program/include/rcmail_action.php on line 239
[05-Dec-2023 13:14:18 America/New_York] PHP Warning:  Undefined array key "message" in /usr/local/cpanel/base/3rdparty/roundcube/program/include/rcmail_action.php on line 239
[05-Dec-2023 13:14:18 America/New_York] PHP Warning:  Undefined array key "message" in /usr/local/cpanel/base/3rdparty/roundcube/program/include/rcmail_action.php on line 239
[05-Dec-2023 13:14:21 America/New_York] PHP Warning:  Undefined array key "message" in /usr/local/cpanel/base/3rdparty/roundcube/program/include/rcmail_action.php on line 239
[05-Dec-2023 13:14:21 America/New_York] PHP Warning:  Undefined array key "message" in /usr/local/cpanel/base/3rdparty/roundcube/program/include/rcmail_action.php on line 239
[05-Dec-2023 13:14:23 America/New_York] PHP Warning:  Undefined array key "message" in /usr/local/cpanel/base/3rdparty/roundcube/program/include/rcmail_action.php on line 239
[05-Dec-2023 13:14:23 America/New_York] PHP Warning:  Undefined array key "message" in /usr/local/cpanel/base/3rdparty/roundcube/program/include/rcmail_action.php on line 239
[05-Dec-2023 13:14:40 America/New_York] [CPANELICSIMPORT: Touch file created for info@iskramet.com]
[05-Dec-2023 13:14:40 America/New_York] PHP Warning:  filesize(): stat failed for /home/iskrame2/.cpanel/icals/info@iskramet.com.ics in /usr/local/cpanel/base/3rdparty/roundcube/plugins/cpanelicsimport/cpanelicsimport.php on line 102
[05-Dec-2023 13:14:40 America/New_York] [CPANELVCFIMPORT: Touch file created for info@iskramet.com]
[05-Dec-2023 13:14:40 America/New_York] PHP Warning:  filesize(): stat failed for /home/iskrame2/.cpanel/vcards/info@iskramet.com.vcf in /usr/local/cpanel/base/3rdparty/roundcube/plugins/cpanelvcfimport/cpanelvcfimport.php on line 81
[05-Dec-2023 13:14:41 America/New_York] PHP Warning:  Undefined array key "message" in /usr/local/cpanel/base/3rdparty/roundcube/program/include/rcmail_action.php on line 239
[05-Dec-2023 13:14:41 America/New_York] PHP Warning:  Undefined array key "message" in /usr/local/cpanel/base/3rdparty/roundcube/program/include/rcmail_action.php on line 239
[05-Dec-2023 13:14:41 America/New_York] PHP Warning:  Undefined array key "message" in /usr/local/cpanel/base/3rdparty/roundcube/program/include/rcmail_action.php on line 239
[05-Dec-2023 13:14:41 America/New_York] PHP Warning:  Undefined array key "message" in /usr/local/cpanel/base/3rdparty/roundcube/program/include/rcmail_action.php on line 239
[05-Dec-2023 13:17:05 America/New_York] PHP Warning:  Undefined array key "message" in /usr/local/cpanel/base/3rdparty/roundcube/program/include/rcmail_action.php on line 239
[05-Dec-2023 13:17:05 America/New_York] PHP Warning:  Undefined array key "message" in /usr/local/cpanel/base/3rdparty/roundcube/program/include/rcmail_action.php on line 239
[05-Dec-2023 13:18:46 America/New_York] PHP Warning:  Undefined array key "message" in /usr/local/cpanel/base/3rdparty/roundcube/program/include/rcmail_action.php on line 239
[05-Dec-2023 13:18:46 America/New_York] PHP Warning:  Undefined array key "message" in /usr/local/cpanel/base/3rdparty/roundcube/program/include/rcmail_action.php on line 239
[05-Dec-2023 13:18:48 America/New_York] PHP Warning:  Undefined array key "message" in /usr/local/cpanel/base/3rdparty/roundcube/program/include/rcmail_action.php on line 239
[05-Dec-2023 13:18:48 America/New_York] PHP Warning:  Undefined array key "message" in /usr/local/cpanel/base/3rdparty/roundcube/program/include/rcmail_action.php on line 239
[05-Dec-2023 13:46:57 America/New_York] [CPANELICSIMPORT: Touch file /home/iskrame2/.cpanel/icals/.cpanel_ics_import_info@iskramet.com exists for info@iskramet.com and cpanel_run_once is true, exiting]
[05-Dec-2023 13:46:57 America/New_York] [CPANELVCFIMPORT: Touch file /home/iskrame2/.cpanel/vcards/.cpanel_vcf_import_info@iskramet.com exists for info@iskramet.com and cpanel_run_once is true, exiting]
[05-Dec-2023 13:46:58 America/New_York] PHP Warning:  Undefined array key "message" in /usr/local/cpanel/base/3rdparty/roundcube/program/include/rcmail_action.php on line 239
[05-Dec-2023 13:46:58 America/New_York] PHP Warning:  Undefined array key "message" in /usr/local/cpanel/base/3rdparty/roundcube/program/include/rcmail_action.php on line 239
[05-Dec-2023 13:46:59 America/New_York] PHP Warning:  Undefined array key "message" in /usr/local/cpanel/base/3rdparty/roundcube/program/include/rcmail_action.php on line 239
[05-Dec-2023 13:46:59 America/New_York] PHP Warning:  Undefined array key "message" in /usr/local/cpanel/base/3rdparty/roundcube/program/include/rcmail_action.php on line 239
[24-Jan-2024 18:51:35 America/New_York] [CPANELICSIMPORT: Touch file /home/iskrame2/.cpanel/icals/.cpanel_ics_import_noreply@iskramet.com exists for noreply@iskramet.com and cpanel_run_once is true, exiting]
[24-Jan-2024 18:51:35 America/New_York] [CPANELVCFIMPORT: Touch file /home/iskrame2/.cpanel/vcards/.cpanel_vcf_import_noreply@iskramet.com exists for noreply@iskramet.com and cpanel_run_once is true, exiting]
[24-Jan-2024 18:51:36 America/New_York] PHP Warning:  Undefined array key "message" in /usr/local/cpanel/base/3rdparty/roundcube/program/include/rcmail_action.php on line 239
[24-Jan-2024 18:51:36 America/New_York] PHP Warning:  Undefined array key "message" in /usr/local/cpanel/base/3rdparty/roundcube/program/include/rcmail_action.php on line 239
[24-Jan-2024 18:51:36 America/New_York] PHP Warning:  Undefined array key "message" in /usr/local/cpanel/base/3rdparty/roundcube/program/include/rcmail_action.php on line 239
[24-Jan-2024 18:51:36 America/New_York] PHP Warning:  Undefined array key "message" in /usr/local/cpanel/base/3rdparty/roundcube/program/include/rcmail_action.php on line 239
[24-Jan-2024 19:01:20 America/New_York] PHP Warning:  Undefined array key "message" in /usr/local/cpanel/base/3rdparty/roundcube/program/include/rcmail_action.php on line 239
[24-Jan-2024 19:01:20 America/New_York] PHP Warning:  Undefined array key "message" in /usr/local/cpanel/base/3rdparty/roundcube/program/include/rcmail_action.php on line 239
[24-Jan-2024 19:01:22 America/New_York] PHP Warning:  Undefined array key "message" in /usr/local/cpanel/base/3rdparty/roundcube/program/include/rcmail_action.php on line 239
[24-Jan-2024 19:01:22 America/New_York] PHP Warning:  Undefined array key "message" in /usr/local/cpanel/base/3rdparty/roundcube/program/include/rcmail_action.php on line 239
[24-Jan-2024 19:01:22 America/New_York] PHP Warning:  Undefined array key "message" in /usr/local/cpanel/base/3rdparty/roundcube/program/include/rcmail_action.php on line 239
[24-Jan-2024 19:01:22 America/New_York] PHP Warning:  Undefined array key "message" in /usr/local/cpanel/base/3rdparty/roundcube/program/include/rcmail_action.php on line 239
[24-Jan-2024 19:01:24 America/New_York] PHP Warning:  Undefined array key "message" in /usr/local/cpanel/base/3rdparty/roundcube/program/include/rcmail_action.php on line 239
[24-Jan-2024 19:01:24 America/New_York] PHP Warning:  Undefined array key "message" in /usr/local/cpanel/base/3rdparty/roundcube/program/include/rcmail_action.php on line 239
[24-Jan-2024 19:01:27 America/New_York] PHP Warning:  Undefined array key "message" in /usr/local/cpanel/base/3rdparty/roundcube/program/include/rcmail_action.php on line 239
[24-Jan-2024 19:01:27 America/New_York] PHP Warning:  Undefined array key "message" in /usr/local/cpanel/base/3rdparty/roundcube/program/include/rcmail_action.php on line 239
[24-Jan-2024 19:01:28 America/New_York] PHP Warning:  Undefined array key "message" in /usr/local/cpanel/base/3rdparty/roundcube/program/include/rcmail_action.php on line 239
[24-Jan-2024 19:01:28 America/New_York] PHP Warning:  Undefined array key "message" in /usr/local/cpanel/base/3rdparty/roundcube/program/include/rcmail_action.php on line 239
